[2024-04-12 13:02:32,102][    INFO] {'alpha': 0.4,
 'attr_dropout': 0.3,
 'batch_size': 4,
 'bias': 1000.0,
 'cfg': 'configs/CANet.yml',
 'clip_model': 'ViT-L/14',
 'composition': 'mlp_add',
 'context_length': 8,
 'cosine_scale': 0.02,
 'cpu_eval': False,
 'dataset': 'ut-zap50k',
 'dataset_path': '/data/sjh/dataset/ut-zappos',
 'device': 'cuda',
 'dropout': False,
 'emb_dim': 300,
 'emb_type': 'glove',
 'epoch_start': 0,
 'epochs': 20,
 'eval_batch_size': 16,
 'eval_val_every': 1,
 'extract_feature_vectors': True,
 'fusion': 'BiFusion',
 'gradient_accumulation_steps': 1,
 'image_extractor': 'resnet18',
 'imagenet': False,
 'load_model': None,
 'log_id': 'This is the training process of CANet',
 'logdir': 'logs/CANet/ut-zap50k/2024-04-12_13:01:48.897953',
 'lr': 5e-05,
 'lrg': 5e-06,
 'max_epochs': 500,
 'model_type': 'CANet',
 'nhiddenlayers': 0,
 'nlayers': 2,
 'norm': False,
 'norm_family': 'imagenet',
 'num_workers': 4,
 'open_world': False,
 'relu': False,
 'save_every': 1,
 'save_every_n': 5,
 'save_model': False,
 'save_path': None,
 'seed': 0,
 'splitname': 'compositional-split-natural',
 'test_batch_size': 248,
 'test_set': 'test',
 'text_encoder_batch_size': 16,
 'threshold': None,
 'threshold_trials': 50,
 'topk': 1,
 'train_batch_size': 48,
 'train_only': True,
 'train_split': 'normal',
 'update_image_features': False,
 'update_word_features': True,
 'wd': 5e-05,
 'weight_decay': 1e-05,
 'word_embedding_root': '/data/sjh/dataset/'}

[2024-04-12 13:03:31,494][    INFO] |----Train Loss: 9.1426
[2024-04-12 13:03:54,019][    INFO] |----Train Loss: 4.1905
[2024-04-12 13:04:16,738][    INFO] |----Train Loss: 5.5708
[2024-04-12 13:04:39,009][    INFO] |----Train Loss: 4.1445
[2024-04-12 13:05:02,151][    INFO] |----Train Loss: 2.8944
[2024-04-12 13:05:23,567][    INFO] |----Train Loss: 3.9790
[2024-04-12 13:05:46,725][    INFO] |----Train Loss: 5.3358
[2024-04-12 13:06:09,874][    INFO] |----Train Loss: 3.1389
[2024-04-12 13:06:29,388][    INFO] |----Train Loss: 3.6344
[2024-04-12 13:06:32,184][    INFO] |----Test: Attr Acc: 37.89% | Obj Acc: 63.66% | Seen Acc: 48.00% | Unseen Acc: 52.25% | HM: 34.67% | AUC: 18.85
[2024-04-12 13:06:32,184][    INFO] |----New Best AUC 18.85. SAVE to local disk!
[2024-04-12 13:06:32,658][    INFO] |----Train Loss: 3.8723
